# JRE version: Java(TM) SE Runtime Environment (8.0_144-b01) (build 1.8.0_144-b01)
# Java VM: Java HotSpot(TM) 64-Bit Server VM (25.144-b01 mixed mode linux-amd64 compressed oops)
Heap:
 PSYoungGen      total 107008K, used 105682K [0x00000000f5580000, 0x0000000100000000, 0x0000000100000000)
  eden space 59904K, 100% used [0x00000000f5580000,0x00000000f9000000,0x00000000f9000000)
  from space 47104K, 97% used [0x00000000fd200000,0x00000000ffeb4978,0x0000000100000000)
  to   space 57344K, 81% used [0x00000000f9000000,0x00000000fbd60958,0x00000000fc800000)
 ParOldGen       total 251392K, used 70730K [0x00000000e0000000, 0x00000000ef580000, 0x00000000f5580000)
  object space 251392K, 28% used [0x00000000e0000000,0x00000000e45129f8,0x00000000ef580000)
 Metaspace       used 91234K, capacity 96578K, committed 96984K, reserved 1132544K
  class space    used 11737K, capacity 12915K, committed 13016K, reserved 1048576K
GC Heap History (10 events):
Event: 10039.660 GC heap after
Heap after GC invocations=23 (full 3):
 PSYoungGen      total 127488K, used 30182K [0x00000000f5580000, 0x0000000100000000, 0x0000000100000000)
  eden space 97280K, 0% used [0x00000000f5580000,0x00000000f5580000,0x00000000fb480000)
  from space 30208K, 99% used [0x00000000fd600000,0x00000000ff379bb0,0x00000000ff380000)
  to   space 34304K, 0% used [0x00000000fb480000,0x00000000fb480000,0x00000000fd600000)
 ParOldGen       total 251392K, used 63734K [0x00000000e0000000, 0x00000000ef580000, 0x00000000f5580000)
  object space 251392K, 25% used [0x00000000e0000000,0x00000000e3e3d818,0x00000000ef580000)
 Metaspace       used 81870K, capacity 87068K, committed 87128K, reserved 1124352K
  class space    used 10722K, capacity 11860K, committed 11864K, reserved 1048576K
}
Event: 10040.764 GC heap before
{Heap before GC invocations=24 (full 3):
 PSYoungGen      total 127488K, used 127462K [0x00000000f5580000, 0x0000000100000000, 0x0000000100000000)
  eden space 97280K, 100% used [0x00000000f5580000,0x00000000fb480000,0x00000000fb480000)
  from space 30208K, 99% used [0x00000000fd600000,0x00000000ff379bb0,0x00000000ff380000)
  to   space 34304K, 0% used [0x00000000fb480000,0x00000000fb480000,0x00000000fd600000)
 ParOldGen       total 251392K, used 63734K [0x00000000e0000000, 0x00000000ef580000, 0x00000000f5580000)
  object space 251392K, 25% used [0x00000000e0000000,0x00000000e3e3d818,0x00000000ef580000)
 Metaspace       used 82664K, capacity 87958K, committed 88280K, reserved 1126400K
  class space    used 10791K, capacity 11919K, committed 11992K, reserved 1048576K
Event: 10040.829 GC heap after
Heap after GC invocations=24 (full 3):
 PSYoungGen      total 131584K, used 34293K [0x00000000f5580000, 0x0000000100000000, 0x0000000100000000)
  eden space 97280K, 0% used [0x00000000f5580000,0x00000000f5580000,0x00000000fb480000)
  from space 34304K, 99% used [0x00000000fb480000,0x00000000fd5fd6b0,0x00000000fd600000)
  to   space 41472K, 0% used [0x00000000fd780000,0x00000000fd780000,0x0000000100000000)
 ParOldGen       total 251392K, used 70418K [0x00000000e0000000, 0x00000000ef580000, 0x00000000f5580000)
  object space 251392K, 28% used [0x00000000e0000000,0x00000000e44c49f8,0x00000000ef580000)
 Metaspace       used 82664K, capacity 87958K, committed 88280K, reserved 1126400K
  class space    used 10791K, capacity 11919K, committed 11992K, reserved 1048576K
}
Event: 10042.012 GC heap before
{Heap before GC invocations=25 (full 3):
 PSYoungGen      total 131584K, used 131573K [0x00000000f5580000, 0x0000000100000000, 0x0000000100000000)
  eden space 97280K, 100% used [0x00000000f5580000,0x00000000fb480000,0x00000000fb480000)
  from space 34304K, 99% used [0x00000000fb480000,0x00000000fd5fd6b0,0x00000000fd600000)
  to   space 41472K, 0% used [0x00000000fd780000,0x00000000fd780000,0x0000000100000000)
 ParOldGen       total 251392K, used 70418K [0x00000000e0000000, 0x00000000ef580000, 0x00000000f5580000)
  object space 251392K, 28% used [0x00000000e0000000,0x00000000e44c49f8,0x00000000ef580000)
 Metaspace       used 84271K, capacity 89644K, committed 89816K, reserved 1126400K
  class space    used 10997K, capacity 12142K, committed 12248K, reserved 1048576K
Event: 10042.070 GC heap after
Heap after GC invocations=25 (full 3):
 PSYoungGen      total 123904K, used 37964K [0x00000000f5580000, 0x0000000100000000, 0x0000000100000000)
  eden space 82432K, 0% used [0x00000000f5580000,0x00000000f5580000,0x00000000fa600000)
  from space 41472K, 91% used [0x00000000fd780000,0x00000000ffc93388,0x0000000100000000)
  to   space 46080K, 0% used [0x00000000fa600000,0x00000000fa600000,0x00000000fd300000)
 ParOldGen       total 251392K, used 70642K [0x00000000e0000000, 0x00000000ef580000, 0x00000000f5580000)
  object space 251392K, 28% used [0x00000000e0000000,0x00000000e44fc9f8,0x00000000ef580000)
 Metaspace       used 84271K, capacity 89644K, committed 89816K, reserved 1126400K
  class space    used 10997K, capacity 12142K, committed 12248K, reserved 1048576K
}
Event: 10043.462 GC heap before
{Heap before GC invocations=26 (full 3):
 PSYoungGen      total 123904K, used 120396K [0x00000000f5580000, 0x0000000100000000, 0x0000000100000000)
  eden space 82432K, 100% used [0x00000000f5580000,0x00000000fa600000,0x00000000fa600000)
  from space 41472K, 91% used [0x00000000fd780000,0x00000000ffc93388,0x0000000100000000)
  to   space 46080K, 0% used [0x00000000fa600000,0x00000000fa600000,0x00000000fd300000)
 ParOldGen       total 251392K, used 70642K [0x00000000e0000000, 0x00000000ef580000, 0x00000000f5580000)
  object space 251392K, 28% used [0x00000000e0000000,0x00000000e44fc9f8,0x00000000ef580000)
 Metaspace       used 89932K, capacity 95324K, committed 95576K, reserved 1132544K
  class space    used 11710K, capacity 12882K, committed 12888K, reserved 1048576K
Event: 10043.531 GC heap after
Heap after GC invocations=26 (full 3):
 PSYoungGen      total 127488K, used 45028K [0x00000000f5580000, 0x0000000100000000, 0x0000000100000000)
  eden space 82432K, 0% used [0x00000000f5580000,0x00000000f5580000,0x00000000fa600000)
  from space 45056K, 99% used [0x00000000fa600000,0x00000000fd1f9030,0x00000000fd200000)
  to   space 47104K, 0% used [0x00000000fd200000,0x00000000fd200000,0x0000000100000000)
 ParOldGen       total 251392K, used 70650K [0x00000000e0000000, 0x00000000ef580000, 0x00000000f5580000)
  object space 251392K, 28% used [0x00000000e0000000,0x00000000e44fe9f8,0x00000000ef580000)
 Metaspace       used 89932K, capacity 95324K, committed 95576K, reserved 1132544K
  class space    used 11710K, capacity 12882K, committed 12888K, reserved 1048576K
}
Event: 10044.838 GC heap before
{Heap before GC invocations=27 (full 3):
 PSYoungGen      total 127488K, used 127460K [0x00000000f5580000, 0x0000000100000000, 0x0000000100000000)
  eden space 82432K, 100% used [0x00000000f5580000,0x00000000fa600000,0x00000000fa600000)
  from space 45056K, 99% used [0x00000000fa600000,0x00000000fd1f9030,0x00000000fd200000)
  to   space 47104K, 0% used [0x00000000fd200000,0x00000000fd200000,0x0000000100000000)
 ParOldGen       total 251392K, used 70650K [0x00000000e0000000, 0x00000000ef580000, 0x00000000f5580000)
  object space 251392K, 28% used [0x00000000e0000000,0x00000000e44fe9f8,0x00000000ef580000)
 Metaspace       used 91014K, capacity 96386K, committed 96728K, reserved 1132544K
  class space    used 11733K, capacity 12915K, committed 13016K, reserved 1048576K
Event: 10044.904 GC heap after
Heap after GC invocations=27 (full 3):
 PSYoungGen      total 107008K, used 45778K [0x00000000f5580000, 0x0000000100000000, 0x0000000100000000)
  eden space 59904K, 0% used [0x00000000f5580000,0x00000000f5580000,0x00000000f9000000)
  from space 47104K, 97% used [0x00000000fd200000,0x00000000ffeb4978,0x0000000100000000)
  to   space 57344K, 0% used [0x00000000f9000000,0x00000000f9000000,0x00000000fc800000)
 ParOldGen       total 251392K, used 70658K [0x00000000e0000000, 0x00000000ef580000, 0x00000000f5580000)
  object space 251392K, 28% used [0x00000000e0000000,0x00000000e45009f8,0x00000000ef580000)
 Metaspace       used 91014K, capacity 96386K, committed 96728K, reserved 1132544K
  class space    used 11733K, capacity 12915K, committed 13016K, reserved 1048576K
}
Event: 10045.495 GC heap before
{Heap before GC invocations=28 (full 3):
 PSYoungGen      total 107008K, used 105682K [0x00000000f5580000, 0x0000000100000000, 0x0000000100000000)
  eden space 59904K, 100% used [0x00000000f5580000,0x00000000f9000000,0x00000000f9000000)
  from space 47104K, 97% used [0x00000000fd200000,0x00000000ffeb4978,0x0000000100000000)
  to   space 57344K, 0% used [0x00000000f9000000,0x00000000f9000000,0x00000000fc800000)
 ParOldGen       total 251392K, used 70658K [0x00000000e0000000, 0x00000000ef580000, 0x00000000f5580000)
  object space 251392K, 28% used [0x00000000e0000000,0x00000000e45009f8,0x00000000ef580000)
 Metaspace       used 91234K, capacity 96578K, committed 96984K, reserved 1132544K
  class space    used 11737K, capacity 12915K, committed 13016K, reserved 1048576K

